c:\users\gutar\source\repos\project2\debug\vc142.pdb
c:\users\gutar\source\repos\project2\debug\vc142.idb
c:\users\gutar\source\repos\project2\debug\source.obj
c:\users\gutar\source\repos\project2\debug\project2.pdb
c:\users\gutar\source\repos\project2\debug\project2.tlog\cl.command.1.tlog
c:\users\gutar\source\repos\project2\debug\project2.tlog\cl.read.1.tlog
c:\users\gutar\source\repos\project2\debug\project2.tlog\cl.write.1.tlog
c:\users\gutar\source\repos\project2\debug\project2.tlog\link-cvtres.read.1.tlog
c:\users\gutar\source\repos\project2\debug\project2.tlog\link-cvtres.write.1.tlog
c:\users\gutar\source\repos\project2\debug\project2.tlog\link-rc.read.1.tlog
c:\users\gutar\source\repos\project2\debug\project2.tlog\link-rc.write.1.tlog
c:\users\gutar\source\repos\project2\debug\project2.tlog\link.12512-cvtres.read.1.tlog
c:\users\gutar\source\repos\project2\debug\project2.tlog\link.12512-cvtres.write.1.tlog
c:\users\gutar\source\repos\project2\debug\project2.tlog\link.12512-rc.read.1.tlog
c:\users\gutar\source\repos\project2\debug\project2.tlog\link.12512-rc.write.1.tlog
c:\users\gutar\source\repos\project2\debug\project2.tlog\link.12512.read.1.tlog
c:\users\gutar\source\repos\project2\debug\project2.tlog\link.12512.write.1.tlog
c:\users\gutar\source\repos\project2\debug\project2.tlog\link.command.1.tlog
c:\users\gutar\source\repos\project2\debug\project2.tlog\link.read.1.tlog
c:\users\gutar\source\repos\project2\debug\project2.tlog\link.write.1.tlog
